\BOOKMARK [1][-]{section.1}{\376\377\000I\000n\000t\000r\000o\000d\000u\000c\000t\000i\000o\000n}{}% 1
\BOOKMARK [1][-]{section.2}{\376\377\000P\000r\000o\000b\000l\000e\000m\000\040\000S\000t\000a\000t\000e\000m\000e\000n\000t}{}% 2
\BOOKMARK [2][-]{subsection.2.1}{\376\377\000D\000a\000t\000a\000\040\000S\000e\000t}{section.2}% 3
\BOOKMARK [1][-]{section.3}{\376\377\000L\000i\000t\000e\000r\000a\000t\000u\000r\000e\000\040\000R\000e\000v\000i\000e\000w}{}% 4
\BOOKMARK [1][-]{section.4}{\376\377\000N\000e\000u\000r\000a\000l\000\040\000N\000e\000t\000w\000o\000r\000k}{}% 5
\BOOKMARK [1][-]{section.5}{\376\377\000S\000e\000r\000i\000a\000l\000\040\000c\000o\000d\000e}{}% 6
\BOOKMARK [2][-]{subsection.5.1}{\376\377\000m\000a\000i\000n\000.\000c}{section.5}% 7
\BOOKMARK [3][-]{subsubsection.5.1.1}{\376\377\000F\000o\000r\000w\000a\000r\000d\000\040\000P\000r\000o\000p\000a\000g\000a\000t\000i\000o\000n}{subsection.5.1}% 8
\BOOKMARK [3][-]{subsubsection.5.1.2}{\376\377\000B\000a\000c\000k\000w\000a\000r\000d\000\040\000P\000r\000o\000p\000a\000g\000a\000t\000i\000o\000n}{subsection.5.1}% 9
\BOOKMARK [2][-]{subsection.5.2}{\376\377\000e\000v\000a\000l\000u\000a\000t\000i\000o\000n\000.\000h}{section.5}% 10
\BOOKMARK [2][-]{subsection.5.3}{\376\377\000A\000c\000c\000u\000r\000a\000c\000y}{section.5}% 11
\BOOKMARK [1][-]{section.6}{\376\377\000L\000i\000b\000r\000a\000i\000r\000e\000s}{}% 12
\BOOKMARK [2][-]{subsection.6.1}{\376\377\000O\000p\000e\000n\000M\000P}{section.6}% 13
\BOOKMARK [3][-]{subsubsection.6.1.1}{\376\377\000F\000o\000r\000w\000a\000r\000d\000\040\000P\000r\000o\000p\000a\000g\000a\000t\000i\000o\000n}{subsection.6.1}% 14
\BOOKMARK [3][-]{subsubsection.6.1.2}{\376\377\000B\000a\000c\000k\000w\000a\000r\000d\000\040\000P\000r\000o\000p\000a\000g\000a\000t\000i\000o\000n}{subsection.6.1}% 15
\BOOKMARK [3][-]{subsubsection.6.1.3}{\376\377\000R\000e\000s\000u\000l\000t\000s}{subsection.6.1}% 16
\BOOKMARK [2][-]{subsection.6.2}{\376\377\000C\000U\000D\000A}{section.6}% 17
\BOOKMARK [3][-]{subsubsection.6.2.1}{\376\377\000F\000o\000r\000w\000a\000r\000d\000\040\000P\000r\000o\000p\000a\000g\000a\000t\000i\000o\000n}{subsection.6.2}% 18
\BOOKMARK [3][-]{subsubsection.6.2.2}{\376\377\000B\000a\000c\000k\000w\000a\000r\000d\000\040\000P\000r\000o\000p\000a\000g\000a\000t\000i\000o\000n}{subsection.6.2}% 19
\BOOKMARK [3][-]{subsubsection.6.2.3}{\376\377\000R\000e\000s\000u\000l\000t\000s}{subsection.6.2}% 20
\BOOKMARK [1][-]{section.7}{\376\377\000H\000o\000w\000\040\000t\000o\000\040\000r\000u\000n\000\040\000t\000h\000e\000\040\000c\000o\000d\000e}{}% 21
\BOOKMARK [1][-]{section.8}{\376\377\000C\000o\000m\000p\000a\000r\000i\000s\000o\000n\000\040\000\050\000L\000i\000t\000e\000r\000a\000t\000u\000r\000e\000\051}{}% 22
\BOOKMARK [2][-]{subsection.8.1}{\376\377\000O\000p\000e\000n\000M\000P\000:\000\040\000c\000o\000m\000p\000a\000r\000i\000s\000i\000o\000n}{section.8}% 23
\BOOKMARK [2][-]{subsection.8.2}{\376\377\000C\000U\000D\000A\000:\000\040\000c\000o\000m\000p\000a\000r\000i\000s\000i\000o\000n}{section.8}% 24
\BOOKMARK [1][-]{section.9}{\376\377\000C\000o\000n\000c\000l\000u\000s\000i\000o\000n}{}% 25
\BOOKMARK [1][-]{section.10}{\376\377\000D\000i\000s\000c\000u\000s\000s\000i\000o\000n}{}% 26
\BOOKMARK [1][-]{section.11}{\376\377\000D\000i\000v\000i\000s\000i\000o\000n\000\040\000o\000f\000\040\000W\000o\000r\000k}{}% 27
